#
# There is insufficient memory for the Java Runtime Environment to continue.
# Native memory allocation (malloc) failed to allocate 1799088 bytes. Error detail: Chunk::new
# Possible reasons:
#   The system is out of physical RAM or swap space
#   This process is running with CompressedOops enabled, and the Java Heap may be blocking the growth of the native heap
# Possible solutions:
#   Reduce memory load on the system
#   Increase physical memory or swap space
#   Check if swap backing store is full
#   Decrease Java heap size (-Xmx/-Xms)
#   Decrease number of Java threads
#   Decrease Java thread stack sizes (-Xss)
#   Set larger code cache with -XX:ReservedCodeCacheSize=
#   JVM is running with Unscaled Compressed Oops mode in which the Java heap is
#     placed in the first 4GB address space. The Java Heap base address is the
#     maximum limit for the native heap growth. Please use -XX:HeapBaseMinAddress
#     to set the Java Heap base and to place the Java Heap above 4GB virtual address.
# This output file may be truncated or incomplete.
#
#  Out of Memory Error (arena.cpp:191), pid=20984, tid=21896
#
# JRE version: OpenJDK Runtime Environment Microsoft-12574423 (17.0.17+10) (build 17.0.17+10-LTS)
# Java VM: OpenJDK 64-Bit Server VM Microsoft-12574423 (17.0.17+10-LTS, mixed mode, sharing, tiered, compressed oops, compressed class ptrs, g1 gc, windows-amd64)
# No core dump will be written. Minidumps are not enabled by default on client versions of Windows
#

---------------  S U M M A R Y ------------

Command Line: --add-opens=java.base/java.lang=ALL-UNNAMED --add-opens=java.base/java.lang.invoke=ALL-UNNAMED --add-opens=java.base/java.util=ALL-UNNAMED --add-opens=java.prefs/java.util.prefs=ALL-UNNAMED --add-exports=jdk.compiler/com.sun.tools.javac.api=ALL-UNNAMED --add-exports=jdk.compiler/com.sun.tools.javac.util=ALL-UNNAMED --add-opens=java.base/java.util=ALL-UNNAMED --add-opens=java.prefs/java.util.prefs=ALL-UNNAMED --add-opens=java.base/java.nio.charset=ALL-UNNAMED --add-opens=java.base/java.net=ALL-UNNAMED --add-opens=java.base/java.util.concurrent=ALL-UNNAMED --add-opens=java.base/java.util.concurrent.atomic=ALL-UNNAMED --add-opens=java.xml/javax.xml.namespace=ALL-UNNAMED -XX:MaxMetaspaceSize=512m -Xmx2048m -Dfile.encoding=UTF-8 -Duser.country=US -Duser.language=en -Duser.variant -javaagent:C:\Users\saihe\.gradle\wrapper\dists\gradle-9.0.0-bin\d6wjpkvcgsg3oed0qlfss3wgl\gradle-9.0.0\lib\agents\gradle-instrumentation-agent-9.0.0.jar org.gradle.launcher.daemon.bootstrap.GradleDaemon 9.0.0

Host: Intel(R) Core(TM) i5-4310U CPU @ 2.00GHz, 4 cores, 7G,  Windows 10 , 64 bit Build 19041 (10.0.19041.5915)
Time: Wed Jun 24 01:11:09 2026 India Standard Time elapsed time: 24.190981 seconds (0d 0h 0m 24s)

---------------  T H R E A D  ---------------

Current thread (0x000001f8b85627c0):  JavaThread "C2 CompilerThread1" daemon [_thread_in_native, id=21896, stack(0x00000056cc000000,0x00000056cc100000)]


Current CompileTask:
C2:24191 5471       4       java.net.URLClassLoader$1::run (5 bytes)

Stack: [0x00000056cc000000,0x00000056cc100000]
Native frames: (J=compiled Java code, j=interpreted, Vv=VM code, C=native code)
V  [jvm.dll+0x68c459]  (no source info available)
V  [jvm.dll+0x845e09]  (no source info available)
V  [jvm.dll+0x847b78]  (no source info available)
V  [jvm.dll+0x848203]  (no source info available)
V  [jvm.dll+0x24cf6f]  (no source info available)
V  [jvm.dll+0xaecb6]  (no source info available)
V  [jvm.dll+0xaf35c]  (no source info available)
V  [jvm.dll+0x37157e]  (no source info available)
V  [jvm.dll+0x33b8d5]  (no source info available)
V  [jvm.dll+0x33ad3a]  (no source info available)
V  [jvm.dll+0x21df29]  (no source info available)
V  [jvm.dll+0x21d36d]  (no source info available)
V  [jvm.dll+0x1a8ce6]  (no source info available)
V  [jvm.dll+0x22db1b]  (no source info available)
V  [jvm.dll+0x22bca6]  (no source info available)
V  [jvm.dll+0x7fb65b]  (no source info available)
V  [jvm.dll+0x7f5a5c]  (no source info available)
V  [jvm.dll+0x68d9f7]  (no source info available)
C  [ucrtbase.dll+0x21bb2]  (no source info available)
C  [KERNEL32.DLL+0x17374]  (no source info available)
C  [ntdll.dll+0x4cc91]  (no source info available)


---------------  P R O C E S S  ---------------

Threads class SMR info:
_java_thread_list=0x000001f8b67551a0, length=45, elements={
0x000001f8f5c33080, 0x000001f8fe7833f0, 0x000001f8fe783f80, 0x000001f8fe793380,
0x000001f8fe793f10, 0x000001f8fe797800, 0x000001f8fe7980d0, 0x000001f8fe79cce0,
0x000001f8fe7a1610, 0x000001f8fe92ffe0, 0x000001f8fe9c0550, 0x000001f8fead6fb0,
0x000001f8ff281830, 0x000001f8ff301d20, 0x000001f8b540b030, 0x000001f8b4786f20,
0x000001f8b52a44d0, 0x000001f8b4b47040, 0x000001f8fefa3f80, 0x000001f8fefa2120,
0x000001f8fefa1c10, 0x000001f8fefa49a0, 0x000001f8fefa4490, 0x000001f8fefa4eb0,
0x000001f8fefa53c0, 0x000001f8fefa3560, 0x000001f8fefa2630, 0x000001f8fefa2b40,
0x000001f8fefa3050, 0x000001f8fefa3a70, 0x000001f8b4524650, 0x000001f8b4525580,
0x000001f8b45278f0, 0x000001f8b4524b60, 0x000001f8b4525a90, 0x000001f8b4523210,
0x000001f8b452a170, 0x000001f8b45264b0, 0x000001f8b45273e0, 0x000001f8b4523720,
0x000001f8b452ab90, 0x000001f8b4527e00, 0x000001f8b4526ed0, 0x000001f8b4528310,
0x000001f8b85627c0
}

Java Threads: ( => current thread )
  0x000001f8f5c33080 JavaThread "main" [_thread_blocked, id=21992, stack(0x00000056c8a00000,0x00000056c8b00000)]
  0x000001f8fe7833f0 JavaThread "Reference Handler" daemon [_thread_blocked, id=8808, stack(0x00000056c9100000,0x00000056c9200000)]
  0x000001f8fe783f80 JavaThread "Finalizer" daemon [_thread_blocked, id=18272, stack(0x00000056c9200000,0x00000056c9300000)]
  0x000001f8fe793380 JavaThread "Signal Dispatcher" daemon [_thread_blocked, id=10412, stack(0x00000056c9300000,0x00000056c9400000)]
  0x000001f8fe793f10 JavaThread "Attach Listener" daemon [_thread_blocked, id=4676, stack(0x00000056c9400000,0x00000056c9500000)]
  0x000001f8fe797800 JavaThread "Service Thread" daemon [_thread_blocked, id=16084, stack(0x00000056c9500000,0x00000056c9600000)]
  0x000001f8fe7980d0 JavaThread "Monitor Deflation Thread" daemon [_thread_blocked, id=19328, stack(0x00000056c9600000,0x00000056c9700000)]
  0x000001f8fe79cce0 JavaThread "C2 CompilerThread0" daemon [_thread_in_native, id=19536, stack(0x00000056c9700000,0x00000056c9800000)]
  0x000001f8fe7a1610 JavaThread "C1 CompilerThread0" daemon [_thread_blocked, id=14876, stack(0x00000056c9800000,0x00000056c9900000)]
  0x000001f8fe92ffe0 JavaThread "Sweeper thread" daemon [_thread_blocked, id=10860, stack(0x00000056c9900000,0x00000056c9a00000)]
  0x000001f8fe9c0550 JavaThread "Common-Cleaner" daemon [_thread_blocked, id=12552, stack(0x00000056c9a00000,0x00000056c9b00000)]
  0x000001f8fead6fb0 JavaThread "Notification Thread" daemon [_thread_blocked, id=5616, stack(0x00000056c9b00000,0x00000056c9c00000)]
  0x000001f8ff281830 JavaThread "Daemon health stats" [_thread_blocked, id=17912, stack(0x00000056c9f00000,0x00000056ca000000)]
  0x000001f8ff301d20 JavaThread "Incoming local TCP Connector on port 62163" [_thread_in_native, id=5424, stack(0x00000056ca100000,0x00000056ca200000)]
  0x000001f8b540b030 JavaThread "Daemon periodic checks" [_thread_blocked, id=11768, stack(0x00000056ca200000,0x00000056ca300000)]
  0x000001f8b4786f20 JavaThread "Daemon" [_thread_blocked, id=18288, stack(0x00000056ca400000,0x00000056ca500000)]
  0x000001f8b52a44d0 JavaThread "Handler for socket connection from /127.0.0.1:62163 to /127.0.0.1:62164" [_thread_in_native, id=21556, stack(0x00000056ca500000,0x00000056ca600000)]
  0x000001f8b4b47040 JavaThread "Cancel handler" [_thread_blocked, id=21564, stack(0x00000056ca600000,0x00000056ca700000)]
  0x000001f8fefa3f80 JavaThread "Daemon worker" [_thread_in_native, id=21560, stack(0x00000056ca700000,0x00000056ca800000)]
  0x000001f8fefa2120 JavaThread "Asynchronous log dispatcher for DefaultDaemonConnection: socket connection from /127.0.0.1:62163 to /127.0.0.1:62164" [_thread_blocked, id=16576, stack(0x00000056ca800000,0x00000056ca900000)]
  0x000001f8fefa1c10 JavaThread "Stdin handler" [_thread_blocked, id=1256, stack(0x00000056ca900000,0x00000056caa00000)]
  0x000001f8fefa49a0 JavaThread "Daemon client event forwarder" [_thread_blocked, id=18412, stack(0x00000056caa00000,0x00000056cab00000)]
  0x000001f8fefa4490 JavaThread "Cache worker for journal cache (C:\Users\saihe\.gradle\caches\journal-1)" [_thread_blocked, id=3492, stack(0x00000056ca300000,0x00000056ca400000)]
  0x000001f8fefa4eb0 JavaThread "File lock request listener" [_thread_in_native, id=8476, stack(0x00000056cab00000,0x00000056cac00000)]
  0x000001f8fefa53c0 JavaThread "Cache worker for file hash cache (C:\Users\saihe\.gradle\caches\9.0.0\fileHashes)" [_thread_blocked, id=12940, stack(0x00000056cac00000,0x00000056cad00000)]
  0x000001f8fefa3560 JavaThread "Cache worker for file hash cache (D:\parthu adding rest\officeapplication\officenotifier\android\.gradle\9.0.0\fileHashes)" [_thread_blocked, id=14920, stack(0x00000056cae00000,0x00000056caf00000)]
  0x000001f8fefa2630 JavaThread "Cache worker for Build Output Cleanup Cache (D:\parthu adding rest\officeapplication\officenotifier\android\.gradle\buildOutputCleanup)" [_thread_blocked, id=20152, stack(0x00000056caf00000,0x00000056cb000000)]
  0x000001f8fefa2b40 JavaThread "File watcher server" daemon [_thread_in_native, id=15960, stack(0x00000056cb000000,0x00000056cb100000)]
  0x000001f8fefa3050 JavaThread "File watcher consumer" daemon [_thread_blocked, id=17464, stack(0x00000056cb100000,0x00000056cb200000)]
  0x000001f8fefa3a70 JavaThread "jar transforms" [_thread_blocked, id=21860, stack(0x00000056cb200000,0x00000056cb300000)]
  0x000001f8b4524650 JavaThread "jar transforms Thread 2" [_thread_blocked, id=21980, stack(0x00000056cb300000,0x00000056cb400000)]
  0x000001f8b4525580 JavaThread "jar transforms Thread 3" [_thread_blocked, id=20116, stack(0x00000056cb400000,0x00000056cb500000)]
  0x000001f8b45278f0 JavaThread "Cache worker for checksums cache (D:\parthu adding rest\officeapplication\officenotifier\android\.gradle\9.0.0\checksums)" [_thread_blocked, id=4156, stack(0x00000056cad00000,0x00000056cae00000)]
  0x000001f8b4524b60 JavaThread "Cache worker for file content cache (C:\Users\saihe\.gradle\caches\9.0.0\fileContent)" [_thread_blocked, id=5856, stack(0x00000056cb500000,0x00000056cb600000)]
  0x000001f8b4525a90 JavaThread "Cache worker for cache directory md-supplier (C:\Users\saihe\.gradle\caches\9.0.0\md-supplier)" [_thread_blocked, id=18620, stack(0x00000056cb700000,0x00000056cb800000)]
  0x000001f8b4523210 JavaThread "Cache worker for cache directory md-rule (C:\Users\saihe\.gradle\caches\9.0.0\md-rule)" [_thread_blocked, id=14700, stack(0x00000056cb800000,0x00000056cb900000)]
  0x000001f8b452a170 JavaThread "jar transforms Thread 4" [_thread_blocked, id=21320, stack(0x00000056cb900000,0x00000056cba00000)]
  0x000001f8b45264b0 JavaThread "Cache worker for Build Output Cleanup Cache (D:\parthu adding rest\officeapplication\officenotifier\node_modules\@react-native\gradle-plugin\.gradle\buildOutputCleanup)" [_thread_blocked, id=20468, stack(0x00000056cba00000,0x00000056cbb00000)]
  0x000001f8b45273e0 JavaThread "Unconstrained build operations" [_thread_blocked, id=6728, stack(0x00000056cb600000,0x00000056cb700000)]
  0x000001f8b4523720 JavaThread "Unconstrained build operations Thread 2" [_thread_blocked, id=17520, stack(0x00000056cbb00000,0x00000056cbc00000)]
  0x000001f8b452ab90 JavaThread "Unconstrained build operations Thread 3" [_thread_blocked, id=22176, stack(0x00000056cbc00000,0x00000056cbd00000)]
  0x000001f8b4527e00 JavaThread "Unconstrained build operations Thread 4" [_thread_blocked, id=19288, stack(0x00000056cbd00000,0x00000056cbe00000)]
  0x000001f8b4526ed0 JavaThread "Unconstrained build operations Thread 5" [_thread_blocked, id=19340, stack(0x00000056cbe00000,0x00000056cbf00000)]
  0x000001f8b4528310 JavaThread "Unconstrained build operations Thread 6" [_thread_blocked, id=18436, stack(0x00000056cbf00000,0x00000056cc000000)]
=>0x000001f8b85627c0 JavaThread "C2 CompilerThread1" daemon [_thread_in_native, id=21896, stack(0x00000056cc000000,0x00000056cc100000)]

Other Threads:
  0x000001f8fe77db30 VMThread "VM Thread" [stack: 0x00000056c9000000,0x00000056c9100000] [id=1760]
  0x000001f8feaaeb70 WatcherThread [stack: 0x00000056c9c00000,0x00000056c9d00000] [id=17280]
  0x000001f8f5c8c400 GCTaskThread "GC Thread#0" [stack: 0x00000056c8b00000,0x00000056c8c00000] [id=19632]
  0x000001f8feb4e4d0 GCTaskThread "GC Thread#1" [stack: 0x00000056c9d00000,0x00000056c9e00000] [id=7672]
  0x000001f8feb79800 GCTaskThread "GC Thread#2" [stack: 0x00000056c9e00000,0x00000056c9f00000] [id=8896]
  0x000001f8b4850e80 GCTaskThread "GC Thread#3" [stack: 0x00000056ca000000,0x00000056ca100000] [id=7264]
  0x000001f8f5c9d270 ConcurrentGCThread "G1 Main Marker" [stack: 0x00000056c8c00000,0x00000056c8d00000] [id=2464]
  0x000001f8f5c9e340 ConcurrentGCThread "G1 Conc#0" [stack: 0x00000056c8d00000,0x00000056c8e00000] [id=8372]
  0x000001f8f5cee060 ConcurrentGCThread "G1 Refine#0" [stack: 0x00000056c8e00000,0x00000056c8f00000] [id=8872]
  0x000001f8f5cee8b0 ConcurrentGCThread "G1 Service" [stack: 0x00000056c8f00000,0x00000056c9000000] [id=5048]

Threads with active compile tasks:
C2 CompilerThread0  24266 5470   !   4       java.net.URLClassLoader::findClass (47 bytes)
C2 CompilerThread1  24266 5471       4       java.net.URLClassLoader$1::run (5 bytes)

VM state: not at safepoint (normal execution)

VM Mutex/Monitor currently owned by a thread: None

Heap address: 0x0000000080000000, size: 2048 MB, Compressed Oops mode: 32-bit

CDS archive(s) mapped at: [0x000001f895000000-0x000001f895bb0000-0x000001f895bb0000), size 12255232, SharedBaseAddress: 0x000001f895000000, ArchiveRelocationMode: 1.
Compressed class space mapped at: 0x000001f896000000-0x000001f8b0000000, reserved size: 436207616
Narrow klass base: 0x000001f895000000, Narrow klass shift: 0, Narrow klass range: 0x100000000

GC Precious Log:
 CPUs: 4 total, 4 available
 Memory: 8097M
 Large Page Support: Disabled
 NUMA Support: Disabled
 Compressed Oops: Enabled (32-bit)
 Heap Region Size: 1M
 Heap Min Capacity: 8M
 Heap Initial Capacity: 128M
 Heap Max Capacity: 2G
 Pre-touch: Disabled
 Parallel Workers: 4
 Concurrent Workers: 1
 Concurrent Refinement Workers: 4
 Periodic GC: Disabled

Heap:
 garbage-first heap   total 81920K, used 44268K [0x0000000080000000, 0x0000000100000000)
  region size 1024K, 10 young (10240K), 4 survivors (4096K)
 Metaspace       used 47765K, committed 48640K, reserved 491520K
  class space    used 6815K, committed 7232K, reserved 425984K

Heap Regions: E=young(eden), S=young(survivor), O=old, HS=humongous(starts), HC=humongous(continues), CS=collection set, F=free, OA=open archive, CA=closed archive, TAMS=top-at-mark-start (previous, next)
|   0|0x0000000080000000, 0x0000000080100000, 0x0000000080100000|100%|HS|  |TAMS 0x0000000080100000, 0x0000000080000000| Complete 
|   1|0x0000000080100000, 0x0000000080200000, 0x0000000080200000|100%|HC|  |TAMS 0x0000000080200000, 0x0000000080100000| Complete 
|   2|0x0000000080200000, 0x0000000080300000, 0x0000000080300000|100%|HC|  |TAMS 0x0000000080300000, 0x0000000080200000| Complete 
|   3|0x0000000080300000, 0x0000000080400000, 0x0000000080400000|100%| O|  |TAMS 0x0000000080400000, 0x0000000080300000| Untracked 
|   4|0x0000000080400000, 0x0000000080500000, 0x0000000080500000|100%| O|  |TAMS 0x0000000080500000, 0x0000000080400000| Untracked 
|   5|0x0000000080500000, 0x0000000080600000, 0x0000000080600000|100%| O|  |TAMS 0x0000000080600000, 0x0000000080500000| Untracked 
|   6|0x0000000080600000, 0x0000000080700000, 0x0000000080700000|100%| O|  |TAMS 0x0000000080700000, 0x0000000080600000| Untracked 
|   7|0x0000000080700000, 0x0000000080800000, 0x0000000080800000|100%|HS|  |TAMS 0x0000000080800000, 0x0000000080700000| Complete 
|   8|0x0000000080800000, 0x0000000080900000, 0x0000000080900000|100%| O|  |TAMS 0x0000000080900000, 0x0000000080800000| Untracked 
|   9|0x0000000080900000, 0x0000000080a00000, 0x0000000080a00000|100%| O|  |TAMS 0x0000000080a00000, 0x0000000080900000| Untracked 
|  10|0x0000000080a00000, 0x0000000080b00000, 0x0000000080b00000|100%| O|  |TAMS 0x0000000080b00000, 0x0000000080a00000| Untracked 
|  11|0x0000000080b00000, 0x0000000080c00000, 0x0000000080c00000|100%| O|  |TAMS 0x0000000080c00000, 0x0000000080b00000| Untracked 
|  12|0x0000000080c00000, 0x0000000080d00000, 0x0000000080d00000|100%| O|  |TAMS 0x0000000080d00000, 0x0000000080c00000| Untracked 
|  13|0x0000000080d00000, 0x0000000080e00000, 0x0000000080e00000|100%| O|  |TAMS 0x0000000080e00000, 0x0000000080d00000| Untracked 
|  14|0x0000000080e00000, 0x0000000080f00000, 0x0000000080f00000|100%| O|  |TAMS 0x0000000080f00000, 0x0000000080e00000| Untracked 
|  15|0x0000000080f00000, 0x0000000080f76000, 0x0000000081000000| 46%| O|  |TAMS 0x0000000080f76000, 0x0000000080f00000| Untracked 
|  16|0x0000000081000000, 0x0000000081100000, 0x0000000081100000|100%| O|  |TAMS 0x0000000081100000, 0x0000000081000000| Untracked 
|  17|0x0000000081100000, 0x0000000081200000, 0x0000000081200000|100%| O|  |TAMS 0x0000000081200000, 0x0000000081100000| Untracked 
|  18|0x0000000081200000, 0x0000000081300000, 0x0000000081300000|100%| O|  |TAMS 0x0000000081300000, 0x0000000081200000| Untracked 
|  19|0x0000000081300000, 0x0000000081400000, 0x0000000081400000|100%| O|  |TAMS 0x0000000081400000, 0x0000000081300000| Untracked 
|  20|0x0000000081400000, 0x0000000081500000, 0x0000000081500000|100%| O|  |TAMS 0x0000000081500000, 0x0000000081400000| Untracked 
|  21|0x0000000081500000, 0x0000000081600000, 0x0000000081600000|100%| O|  |TAMS 0x0000000081600000, 0x0000000081500000| Untracked 
|  22|0x0000000081600000, 0x0000000081700000, 0x0000000081700000|100%| O|  |TAMS 0x0000000081700000, 0x0000000081600000| Untracked 
|  23|0x0000000081700000, 0x0000000081800000, 0x0000000081800000|100%| O|  |TAMS 0x0000000081800000, 0x0000000081700000| Untracked 
|  24|0x0000000081800000, 0x0000000081900000, 0x0000000081900000|100%| O|  |TAMS 0x0000000081900000, 0x0000000081800000| Untracked 
|  25|0x0000000081900000, 0x0000000081a00000, 0x0000000081a00000|100%| O|  |TAMS 0x0000000081a00000, 0x0000000081900000| Untracked 
|  26|0x0000000081a00000, 0x0000000081b00000, 0x0000000081b00000|100%| O|  |TAMS 0x0000000081a00000, 0x0000000081a00000| Untracked 
|  27|0x0000000081b00000, 0x0000000081c00000, 0x0000000081c00000|100%| O|  |TAMS 0x0000000081b00000, 0x0000000081b00000| Untracked 
|  28|0x0000000081c00000, 0x0000000081d00000, 0x0000000081d00000|100%| O|  |TAMS 0x0000000081c00000, 0x0000000081c00000| Untracked 
|  29|0x0000000081d00000, 0x0000000081e00000, 0x0000000081e00000|100%| O|  |TAMS 0x0000000081d00000, 0x0000000081d00000| Untracked 
|  30|0x0000000081e00000, 0x0000000081f00000, 0x0000000081f00000|100%| O|  |TAMS 0x0000000081e00000, 0x0000000081e00000| Untracked 
|  31|0x0000000081f00000, 0x0000000082000000, 0x0000000082000000|100%| O|  |TAMS 0x0000000081f00000, 0x0000000081f00000| Untracked 
|  32|0x0000000082000000, 0x0000000082100000, 0x0000000082100000|100%| O|  |TAMS 0x000000008205f200, 0x0000000082000000| Untracked 
|  33|0x0000000082100000, 0x0000000082200000, 0x0000000082200000|100%| O|  |TAMS 0x0000000082100000, 0x0000000082100000| Untracked 
|  34|0x0000000082200000, 0x0000000082300000, 0x0000000082300000|100%| O|  |TAMS 0x0000000082200000, 0x0000000082200000| Untracked 
|  35|0x0000000082300000, 0x0000000082365400, 0x0000000082400000| 39%| O|  |TAMS 0x0000000082300000, 0x0000000082300000| Untracked 
|  36|0x0000000082400000, 0x0000000082400000, 0x0000000082500000|  0%| F|  |TAMS 0x0000000082400000, 0x0000000082400000| Untracked 
|  37|0x0000000082500000, 0x0000000082500000, 0x0000000082600000|  0%| F|  |TAMS 0x0000000082500000, 0x0000000082500000| Untracked 
|  38|0x0000000082600000, 0x0000000082600000, 0x0000000082700000|  0%| F|  |TAMS 0x0000000082600000, 0x0000000082600000| Untracked 
|  39|0x0000000082700000, 0x0000000082700000, 0x0000000082800000|  0%| F|  |TAMS 0x0000000082700000, 0x0000000082700000| Untracked 
|  40|0x0000000082800000, 0x0000000082800000, 0x0000000082900000|  0%| F|  |TAMS 0x0000000082800000, 0x0000000082800000| Untracked 
|  41|0x0000000082900000, 0x0000000082900000, 0x0000000082a00000|  0%| F|  |TAMS 0x0000000082900000, 0x0000000082900000| Untracked 
|  42|0x0000000082a00000, 0x0000000082a00000, 0x0000000082b00000|  0%| F|  |TAMS 0x0000000082a00000, 0x0000000082a00000| Untracked 
|  43|0x0000000082b00000, 0x0000000082b00000, 0x0000000082c00000|  0%| F|  |TAMS 0x0000000082b00000, 0x0000000082b00000| Untracked 
|  44|0x0000000082c00000, 0x0000000082c00000, 0x0000000082d00000|  0%| F|  |TAMS 0x0000000082c00000, 0x0000000082c00000| Untracked 
|  45|0x0000000082d00000, 0x0000000082d5fd90, 0x0000000082e00000| 37%| S|CS|TAMS 0x0000000082d00000, 0x0000000082d00000| Complete 
|  46|0x0000000082e00000, 0x0000000082e00000, 0x0000000082f00000|  0%| F|  |TAMS 0x0000000082e00000, 0x0000000082e00000| Untracked 
|  47|0x0000000082f00000, 0x0000000082f00000, 0x0000000083000000|  0%| F|  |TAMS 0x0000000082f00000, 0x0000000082f00000| Untracked 
|  48|0x0000000083000000, 0x0000000083100000, 0x0000000083100000|100%| S|CS|TAMS 0x0000000083000000, 0x0000000083000000| Complete 
|  49|0x0000000083100000, 0x0000000083100000, 0x0000000083200000|  0%| F|  |TAMS 0x0000000083100000, 0x0000000083100000| Untracked 
|  50|0x0000000083200000, 0x0000000083300000, 0x0000000083300000|100%| S|CS|TAMS 0x0000000083200000, 0x0000000083200000| Complete 
|  51|0x0000000083300000, 0x0000000083400000, 0x0000000083400000|100%| S|CS|TAMS 0x0000000083300000, 0x0000000083300000| Complete 
|  52|0x0000000083400000, 0x0000000083400000, 0x0000000083500000|  0%| F|  |TAMS 0x0000000083400000, 0x0000000083400000| Untracked 
|  53|0x0000000083500000, 0x0000000083500000, 0x0000000083600000|  0%| F|  |TAMS 0x0000000083500000, 0x0000000083500000| Untracked 
|  54|0x0000000083600000, 0x0000000083600000, 0x0000000083700000|  0%| F|  |TAMS 0x0000000083600000, 0x0000000083600000| Untracked 
|  55|0x0000000083700000, 0x0000000083700000, 0x0000000083800000|  0%| F|  |TAMS 0x0000000083700000, 0x0000000083700000| Untracked 
|  56|0x0000000083800000, 0x0000000083800000, 0x0000000083900000|  0%| F|  |TAMS 0x0000000083800000, 0x0000000083800000| Untracked 
|  57|0x0000000083900000, 0x0000000083900000, 0x0000000083a00000|  0%| F|  |TAMS 0x0000000083900000, 0x0000000083900000| Untracked 
|  58|0x0000000083a00000, 0x0000000083a00000, 0x0000000083b00000|  0%| F|  |TAMS 0x0000000083a00000, 0x0000000083a00000| Untracked 
|  59|0x0000000083b00000, 0x0000000083b00000, 0x0000000083c00000|  0%| F|  |TAMS 0x0000000083b00000, 0x0000000083b00000| Untracked 
|  60|0x0000000083c00000, 0x0000000083c00000, 0x0000000083d00000|  0%| F|  |TAMS 0x0000000083c00000, 0x0000000083c00000| Untracked 
|  61|0x0000000083d00000, 0x0000000083d00000, 0x0000000083e00000|  0%| F|  |TAMS 0x0000000083d00000, 0x0000000083d00000| Untracked 
|  62|0x0000000083e00000, 0x0000000083e00000, 0x0000000083f00000|  0%| F|  |TAMS 0x0000000083e00000, 0x0000000083e00000| Untracked 
|  63|0x0000000083f00000, 0x0000000083f00000, 0x0000000084000000|  0%| F|  |TAMS 0x0000000083f00000, 0x0000000083f00000| Untracked 
|  64|0x0000000084000000, 0x0000000084000000, 0x0000000084100000|  0%| F|  |TAMS 0x0000000084000000, 0x0000000084000000| Untracked 
|  65|0x0000000084100000, 0x0000000084100000, 0x0000000084200000|  0%| F|  |TAMS 0x0000000084100000, 0x0000000084100000| Untracked 
|  66|0x0000000084200000, 0x0000000084200000, 0x0000000084300000|  0%| F|  |TAMS 0x0000000084200000, 0x0000000084200000| Untracked 
|  67|0x0000000084300000, 0x0000000084300000, 0x0000000084400000|  0%| F|  |TAMS 0x0000000084300000, 0x0000000084300000| Untracked 
|  68|0x0000000084400000, 0x0000000084400000, 0x0000000084500000|  0%| F|  |TAMS 0x0000000084400000, 0x0000000084400000| Untracked 
|  69|0x0000000084500000, 0x0000000084500000, 0x0000000084600000|  0%| F|  |TAMS 0x0000000084500000, 0x0000000084500000| Untracked 
|  70|0x0000000084600000, 0x0000000084600000, 0x0000000084700000|  0%| F|  |TAMS 0x0000000084600000, 0x0000000084600000| Untracked 
|  71|0x0000000084700000, 0x0000000084700000, 0x0000000084800000|  0%| F|  |TAMS 0x0000000084700000, 0x0000000084700000| Untracked 
|  91|0x0000000085b00000, 0x0000000085b00000, 0x0000000085c00000|  0%| F|  |TAMS 0x0000000085b00000, 0x0000000085b00000| Untracked 
|  92|0x0000000085c00000, 0x0000000085c00000, 0x0000000085d00000|  0%| F|  |TAMS 0x0000000085c00000, 0x0000000085c00000| Untracked 
|  93|0x0000000085d00000, 0x0000000085d80000, 0x0000000085e00000| 50%| E|  |TAMS 0x0000000085d00000, 0x0000000085d00000| Complete 
|  94|0x0000000085e00000, 0x0000000085f00000, 0x0000000085f00000|100%| E|CS|TAMS 0x0000000085e00000, 0x0000000085e00000| Complete 
|  95|0x0000000085f00000, 0x0000000086000000, 0x0000000086000000|100%| E|CS|TAMS 0x0000000085f00000, 0x0000000085f00000| Complete 
|  96|0x0000000086000000, 0x0000000086100000, 0x0000000086100000|100%| E|CS|TAMS 0x0000000086000000, 0x0000000086000000| Complete 
|  97|0x0000000086100000, 0x0000000086200000, 0x0000000086200000|100%| E|CS|TAMS 0x0000000086100000, 0x0000000086100000| Complete 
| 127|0x0000000087f00000, 0x0000000088000000, 0x0000000088000000|100%| E|CS|TAMS 0x0000000087f00000, 0x0000000087f00000| Complete 

Card table byte_map: [0x000001f8fdbb0000,0x000001f8fdfb0000] _byte_map_base: 0x000001f8fd7b0000

Marking Bits (Prev, Next): (CMBitMap*) 0x000001f8f5c8c940, (CMBitMap*) 0x000001f8f5c8c980
 Prev Bits: [0x000001f88f000000, 0x000001f891000000)
 Next Bits: [0x000001f891000000, 0x000001f893000000)

Polling page: 0x000001f8f38f0000

Metaspace:

Usage:
  Non-class:     40.01 MB used.
      Class:      6.66 MB used.
       Both:     46.67 MB used.

Virtual space:
  Non-class space:       64.00 MB reserved,      40.44 MB ( 63%) committed,  1 nodes.
      Class space:      416.00 MB reserved,       7.06 MB (  2%) committed,  1 nodes.
             Both:      480.00 MB reserved,      47.50 MB ( 10%) committed. 

Chunk freelists:
   Non-Class:  7.20 MB
       Class:  8.98 MB
        Both:  16.19 MB

MaxMetaspaceSize: 512.00 MB
CompressedClassSpaceSize: 416.00 MB
Initial GC threshold: 21.00 MB
Current GC threshold: 59.00 MB
CDS: on
MetaspaceReclaimPolicy: balanced
 - commit_granule_bytes: 65536.
 - commit_granule_words: 8192.
 - virtual_space_node_default_size: 8388608.
 - enlarge_chunks_in_place: 1.
 - new_chunks_are_fully_committed: 0.
 - uncommit_free_chunks: 1.
 - use_allocation_guard: 0.
 - handle_deallocations: 1.


Internal statistics:

num_allocs_failed_limit: 6.
num_arena_births: 1120.
num_arena_deaths: 0.
num_vsnodes_births: 2.
num_vsnodes_deaths: 0.
num_space_committed: 760.
num_space_uncommitted: 0.
num_chunks_returned_to_freelist: 6.
num_chunks_taken_from_freelist: 3175.
num_chunk_merges: 6.
num_chunk_splits: 2024.
num_chunks_enlarged: 1269.
num_inconsistent_stats: 0.

CodeHeap 'non-profiled nmethods': size=120000Kb used=2855Kb max_used=3399Kb free=117144Kb
 bounds [0x000001f887ad0000, 0x000001f887e30000, 0x000001f88f000000]
CodeHeap 'profiled nmethods': size=120000Kb used=9407Kb max_used=10591Kb free=110592Kb
 bounds [0x000001f880000000, 0x000001f880a60000, 0x000001f887530000]
CodeHeap 'non-nmethods': size=5760Kb used=1661Kb max_used=1704Kb free=4098Kb
 bounds [0x000001f887530000, 0x000001f8877a0000, 0x000001f887ad0000]
 total_blobs=5423 nmethods=4681 adapters=654
 compilation: enabled
              stopped_count=0, restarted_count=0
 full_count=0

Compilation events (20 events):
Event: 23.782 Thread 0x000001f8fe7a1610 5469       3       sun.nio.cs.UTF_8$Decoder::decodeArrayLoop (688 bytes)
Event: 23.786 Thread 0x000001f8fe7a1610 nmethod 5469 0x000001f88015ad90 code [0x000001f88015b5c0, 0x000001f880160618]
Event: 23.786 Thread 0x000001f8fe7a1610 5468       3       java.lang.String::decodeASCII (64 bytes)
Event: 23.786 Thread 0x000001f8fe7a1610 nmethod 5468 0x000001f8800c1310 code [0x000001f8800c14e0, 0x000001f8800c1818]
Event: 23.799 Thread 0x000001f8fe79cce0 5470   !   4       java.net.URLClassLoader::findClass (47 bytes)
Event: 23.806 Thread 0x000001f8b85627c0 5471       4       java.net.URLClassLoader$1::run (5 bytes)
Event: 23.853 Thread 0x000001f8fe7a1610 5473       3       kotlin.reflect.jvm.internal.ReflectProperties::lazySoft (18 bytes)
Event: 23.853 Thread 0x000001f8fe7a1610 nmethod 5473 0x000001f880741710 code [0x000001f8807418c0, 0x000001f880741ab8]
Event: 23.853 Thread 0x000001f8fe7a1610 5474       3       kotlin.reflect.jvm.internal.ReflectProperties$LazySoftVal::<init> (43 bytes)
Event: 23.853 Thread 0x000001f8fe7a1610 nmethod 5474 0x000001f880130710 code [0x000001f880130920, 0x000001f880131108]
Event: 23.854 Thread 0x000001f8fe7a1610 5476       3       kotlin.reflect.jvm.internal.ReflectProperties$Val::<init> (5 bytes)
Event: 23.854 Thread 0x000001f8fe7a1610 nmethod 5476 0x000001f880741310 code [0x000001f8807414c0, 0x000001f880741618]
Event: 23.854 Thread 0x000001f8fe7a1610 5475       3       kotlin.reflect.jvm.internal.ReflectProperties::lazySoft (14 bytes)
Event: 23.854 Thread 0x000001f8fe7a1610 nmethod 5475 0x000001f880130110 code [0x000001f8801302e0, 0x000001f8801305a8]
Event: 23.854 Thread 0x000001f8fe7a1610 5477       3       kotlin.LazyKt__LazyJVMKt::lazy (102 bytes)
Event: 23.856 Thread 0x000001f8fe7a1610 nmethod 5477 0x000001f880017810 code [0x000001f880017c40, 0x000001f880019718]
Event: 23.856 Thread 0x000001f8fe7a1610 5478       3       kotlin.SafePublicationLazyImpl::<init> (30 bytes)
Event: 23.857 Thread 0x000001f8fe7a1610 nmethod 5478 0x000001f880207490 code [0x000001f8802076c0, 0x000001f880207df8]
Event: 23.973 Thread 0x000001f8fe7a1610 5479       3       kotlin.reflect.jvm.internal.impl.renderer.DescriptorRendererOptionsImpl::property (20 bytes)
Event: 23.974 Thread 0x000001f8fe7a1610 nmethod 5479 0x000001f88012fa10 code [0x000001f88012fbc0, 0x000001f88012fef8]

GC Heap History (20 events):
Event: 8.477 GC heap before
{Heap before GC invocations=4 (full 0):
 garbage-first heap   total 131072K, used 52099K [0x0000000080000000, 0x0000000100000000)
  region size 1024K, 36 young (36864K), 6 survivors (6144K)
 Metaspace       used 21192K, committed 21504K, reserved 491520K
  class space    used 2957K, committed 3136K, reserved 425984K
}
Event: 8.489 GC heap after
{Heap after GC invocations=5 (full 0):
 garbage-first heap   total 131072K, used 22954K [0x0000000080000000, 0x0000000100000000)
  region size 1024K, 7 young (7168K), 7 survivors (7168K)
 Metaspace       used 21192K, committed 21504K, reserved 491520K
  class space    used 2957K, committed 3136K, reserved 425984K
}
Event: 12.045 GC heap before
{Heap before GC invocations=6 (full 0):
 garbage-first heap   total 81920K, used 63914K [0x0000000080000000, 0x0000000100000000)
  region size 1024K, 48 young (49152K), 7 survivors (7168K)
 Metaspace       used 26210K, committed 26560K, reserved 491520K
  class space    used 3678K, committed 3840K, reserved 425984K
}
Event: 12.070 GC heap after
{Heap after GC invocations=7 (full 0):
 garbage-first heap   total 81920K, used 27035K [0x0000000080000000, 0x0000000100000000)
  region size 1024K, 6 young (6144K), 6 survivors (6144K)
 Metaspace       used 26210K, committed 26560K, reserved 491520K
  class space    used 3678K, committed 3840K, reserved 425984K
}
Event: 15.372 GC heap before
{Heap before GC invocations=7 (full 0):
 garbage-first heap   total 81920K, used 61851K [0x0000000080000000, 0x0000000100000000)
  region size 1024K, 41 young (41984K), 6 survivors (6144K)
 Metaspace       used 30410K, committed 30912K, reserved 491520K
  class space    used 4315K, committed 4544K, reserved 425984K
}
Event: 15.382 GC heap after
{Heap after GC invocations=8 (full 0):
 garbage-first heap   total 81920K, used 28256K [0x0000000080000000, 0x0000000100000000)
  region size 1024K, 2 young (2048K), 2 survivors (2048K)
 Metaspace       used 30410K, committed 30912K, reserved 491520K
  class space    used 4315K, committed 4544K, reserved 425984K
}
Event: 17.406 GC heap before
{Heap before GC invocations=8 (full 0):
 garbage-first heap   total 81920K, used 63072K [0x0000000080000000, 0x0000000100000000)
  region size 1024K, 37 young (37888K), 2 survivors (2048K)
 Metaspace       used 35539K, committed 35968K, reserved 491520K
  class space    used 4947K, committed 5184K, reserved 425984K
}
Event: 17.416 GC heap after
{Heap after GC invocations=9 (full 0):
 garbage-first heap   total 81920K, used 31139K [0x0000000080000000, 0x0000000100000000)
  region size 1024K, 5 young (5120K), 5 survivors (5120K)
 Metaspace       used 35539K, committed 35968K, reserved 491520K
  class space    used 4947K, committed 5184K, reserved 425984K
}
Event: 17.421 GC heap before
{Heap before GC invocations=9 (full 0):
 garbage-first heap   total 81920K, used 31139K [0x0000000080000000, 0x0000000100000000)
  region size 1024K, 6 young (6144K), 5 survivors (5120K)
 Metaspace       used 35547K, committed 35968K, reserved 491520K
  class space    used 4947K, committed 5184K, reserved 425984K
}
Event: 17.429 GC heap after
{Heap after GC invocations=10 (full 0):
 garbage-first heap   total 81920K, used 31540K [0x0000000080000000, 0x0000000100000000)
  region size 1024K, 1 young (1024K), 1 survivors (1024K)
 Metaspace       used 35547K, committed 35968K, reserved 491520K
  class space    used 4947K, committed 5184K, reserved 425984K
}
Event: 20.268 GC heap before
{Heap before GC invocations=11 (full 0):
 garbage-first heap   total 81920K, used 65332K [0x0000000080000000, 0x0000000100000000)
  region size 1024K, 34 young (34816K), 1 survivors (1024K)
 Metaspace       used 38596K, committed 39232K, reserved 491520K
  class space    used 5396K, committed 5696K, reserved 425984K
}
Event: 20.278 GC heap after
{Heap after GC invocations=12 (full 0):
 garbage-first heap   total 81920K, used 34949K [0x0000000080000000, 0x0000000100000000)
  region size 1024K, 4 young (4096K), 4 survivors (4096K)
 Metaspace       used 38596K, committed 39232K, reserved 491520K
  class space    used 5396K, committed 5696K, reserved 425984K
}
Event: 20.984 GC heap before
{Heap before GC invocations=12 (full 0):
 garbage-first heap   total 81920K, used 64645K [0x0000000080000000, 0x0000000100000000)
  region size 1024K, 33 young (33792K), 4 survivors (4096K)
 Metaspace       used 39899K, committed 40640K, reserved 491520K
  class space    used 5585K, committed 5952K, reserved 425984K
}
Event: 20.992 GC heap after
{Heap after GC invocations=13 (full 0):
 garbage-first heap   total 81920K, used 36031K [0x0000000080000000, 0x0000000100000000)
  region size 1024K, 2 young (2048K), 2 survivors (2048K)
 Metaspace       used 39899K, committed 40640K, reserved 491520K
  class space    used 5585K, committed 5952K, reserved 425984K
}
Event: 21.735 GC heap before
{Heap before GC invocations=13 (full 0):
 garbage-first heap   total 81920K, used 63679K [0x0000000080000000, 0x0000000100000000)
  region size 1024K, 30 young (30720K), 2 survivors (2048K)
 Metaspace       used 41682K, committed 42496K, reserved 491520K
  class space    used 5885K, committed 6272K, reserved 425984K
}
Event: 21.740 GC heap after
{Heap after GC invocations=14 (full 0):
 garbage-first heap   total 81920K, used 36808K [0x0000000080000000, 0x0000000100000000)
  region size 1024K, 2 young (2048K), 2 survivors (2048K)
 Metaspace       used 41682K, committed 42496K, reserved 491520K
  class space    used 5885K, committed 6272K, reserved 425984K
}
Event: 23.048 GC heap before
{Heap before GC invocations=14 (full 0):
 garbage-first heap   total 81920K, used 66504K [0x0000000080000000, 0x0000000100000000)
  region size 1024K, 31 young (31744K), 2 survivors (2048K)
 Metaspace       used 44441K, committed 45312K, reserved 491520K
  class space    used 6327K, committed 6720K, reserved 425984K
}
Event: 23.055 GC heap after
{Heap after GC invocations=15 (full 0):
 garbage-first heap   total 81920K, used 37839K [0x0000000080000000, 0x0000000100000000)
  region size 1024K, 3 young (3072K), 3 survivors (3072K)
 Metaspace       used 44441K, committed 45312K, reserved 491520K
  class space    used 6327K, committed 6720K, reserved 425984K
}
Event: 23.898 GC heap before
{Heap before GC invocations=15 (full 0):
 garbage-first heap   total 81920K, used 66511K [0x0000000080000000, 0x0000000100000000)
  region size 1024K, 31 young (31744K), 3 survivors (3072K)
 Metaspace       used 47112K, committed 47936K, reserved 491520K
  class space    used 6729K, committed 7104K, reserved 425984K
}
Event: 23.905 GC heap after
{Heap after GC invocations=16 (full 0):
 garbage-first heap   total 81920K, used 39148K [0x0000000080000000, 0x0000000100000000)
  region size 1024K, 4 young (4096K), 4 survivors (4096K)
 Metaspace       used 47112K, committed 47936K, reserved 491520K
  class space    used 6729K, committed 7104K, reserved 425984K
}

Dll operation events (15 events):
Event: 0.017 Loaded shared library C:\Program Files\Microsoft\jdk-17.0.17.10-hotspot\bin\java.dll
Event: 0.057 Loaded shared library C:\Program Files\Microsoft\jdk-17.0.17.10-hotspot\bin\jsvml.dll
Event: 0.214 Loaded shared library C:\Program Files\Microsoft\jdk-17.0.17.10-hotspot\bin\zip.dll
Event: 0.217 Loaded shared library C:\Program Files\Microsoft\jdk-17.0.17.10-hotspot\bin\instrument.dll
Event: 0.230 Loaded shared library C:\Program Files\Microsoft\jdk-17.0.17.10-hotspot\bin\net.dll
Event: 0.234 Loaded shared library C:\Program Files\Microsoft\jdk-17.0.17.10-hotspot\bin\nio.dll
Event: 0.244 Loaded shared library C:\Program Files\Microsoft\jdk-17.0.17.10-hotspot\bin\zip.dll
Event: 0.730 Loaded shared library C:\Program Files\Microsoft\jdk-17.0.17.10-hotspot\bin\jimage.dll
Event: 1.217 Loaded shared library C:\Program Files\Microsoft\jdk-17.0.17.10-hotspot\bin\verify.dll
Event: 1.316 Loaded shared library C:\Users\saihe\.gradle\native\1def1411415f61bf3af743bc5b6707747c0891f09f0c88961ee8f79bc544acac\windows-amd64\native-platform.dll
Event: 1.361 Loaded shared library C:\Users\saihe\.gradle\native\0.2.8\x86_64-windows-gnu\gradle-fileevents.dll
Event: 4.513 Loaded shared library C:\Program Files\Microsoft\jdk-17.0.17.10-hotspot\bin\management.dll
Event: 4.516 Loaded shared library C:\Program Files\Microsoft\jdk-17.0.17.10-hotspot\bin\management_ext.dll
Event: 4.931 Loaded shared library C:\Program Files\Microsoft\jdk-17.0.17.10-hotspot\bin\extnet.dll
Event: 5.292 Loaded shared library C:\Program Files\Microsoft\jdk-17.0.17.10-hotspot\bin\sunmscapi.dll

Deoptimization events (20 events):
Event: 23.569 Thread 0x000001f8fefa3f80 Uncommon trap: trap_request=0xffffffbe fr.pc=0x000001f887af9414 relative=0x0000000000001374
Event: 23.569 Thread 0x000001f8fefa3f80 Uncommon trap: reason=profile_predicate action=maybe_recompile pc=0x000001f887af9414 method=java.lang.invoke.InvokerBytecodeGenerator.<init>(Ljava/lang/String;Ljava/lang/String;Ljava/lang/invoke/LambdaForm;Ljava/lang/invoke/MethodType;)V @ 33 c2
Event: 23.569 Thread 0x000001f8fefa3f80 DEOPT PACKING pc=0x000001f887af9414 sp=0x00000056ca7f5e50
Event: 23.569 Thread 0x000001f8fefa3f80 DEOPT UNPACKING pc=0x000001f8875869a3 sp=0x00000056ca7f5c40 mode 2
Event: 23.569 Thread 0x000001f8fefa3f80 Uncommon trap: trap_request=0xffffffbe fr.pc=0x000001f887af9414 relative=0x0000000000001374
Event: 23.569 Thread 0x000001f8fefa3f80 Uncommon trap: reason=profile_predicate action=maybe_recompile pc=0x000001f887af9414 method=java.lang.invoke.InvokerBytecodeGenerator.<init>(Ljava/lang/String;Ljava/lang/String;Ljava/lang/invoke/LambdaForm;Ljava/lang/invoke/MethodType;)V @ 33 c2
Event: 23.569 Thread 0x000001f8fefa3f80 DEOPT PACKING pc=0x000001f887af9414 sp=0x00000056ca7f5e30
Event: 23.570 Thread 0x000001f8fefa3f80 DEOPT UNPACKING pc=0x000001f8875869a3 sp=0x00000056ca7f5c20 mode 2
Event: 23.570 Thread 0x000001f8fefa3f80 Uncommon trap: trap_request=0xffffffbe fr.pc=0x000001f887af9414 relative=0x0000000000001374
Event: 23.570 Thread 0x000001f8fefa3f80 Uncommon trap: reason=profile_predicate action=maybe_recompile pc=0x000001f887af9414 method=java.lang.invoke.InvokerBytecodeGenerator.<init>(Ljava/lang/String;Ljava/lang/String;Ljava/lang/invoke/LambdaForm;Ljava/lang/invoke/MethodType;)V @ 33 c2
Event: 23.570 Thread 0x000001f8fefa3f80 DEOPT PACKING pc=0x000001f887af9414 sp=0x00000056ca7f5e20
Event: 23.570 Thread 0x000001f8fefa3f80 DEOPT UNPACKING pc=0x000001f8875869a3 sp=0x00000056ca7f5c10 mode 2
Event: 23.570 Thread 0x000001f8fefa3f80 Uncommon trap: trap_request=0xffffffbe fr.pc=0x000001f887af9414 relative=0x0000000000001374
Event: 23.570 Thread 0x000001f8fefa3f80 Uncommon trap: reason=profile_predicate action=maybe_recompile pc=0x000001f887af9414 method=java.lang.invoke.InvokerBytecodeGenerator.<init>(Ljava/lang/String;Ljava/lang/String;Ljava/lang/invoke/LambdaForm;Ljava/lang/invoke/MethodType;)V @ 33 c2
Event: 23.570 Thread 0x000001f8fefa3f80 DEOPT PACKING pc=0x000001f887af9414 sp=0x00000056ca7f5e00
Event: 23.570 Thread 0x000001f8fefa3f80 DEOPT UNPACKING pc=0x000001f8875869a3 sp=0x00000056ca7f5bf0 mode 2
Event: 23.683 Thread 0x000001f8fefa3f80 Uncommon trap: trap_request=0xffffff54 fr.pc=0x000001f887b84cbc relative=0x000000000000073c
Event: 23.683 Thread 0x000001f8fefa3f80 Uncommon trap: reason=speculate_null_assert action=make_not_entrant pc=0x000001f887b84cbc method=java.util.jar.JarFile.getVersionedEntry(Ljava/lang/String;Ljava/util/jar/JarEntry;)Ljava/util/jar/JarEntry; @ 115 c2
Event: 23.683 Thread 0x000001f8fefa3f80 DEOPT PACKING pc=0x000001f887b84cbc sp=0x00000056ca7f4fc0
Event: 23.683 Thread 0x000001f8fefa3f80 DEOPT UNPACKING pc=0x000001f8875869a3 sp=0x00000056ca7f4f18 mode 2

Classes loaded (20 events):
Event: 22.100 Loading class java/security/cert/CertificateParsingException
Event: 22.100 Loading class java/security/cert/CertificateException
Event: 22.100 Loading class java/security/cert/CertificateException done
Event: 22.101 Loading class java/security/cert/CertificateParsingException done
Event: 23.155 Loading class sun/reflect/ReflectionFactory
Event: 23.155 Loading class sun/reflect/ReflectionFactory done
Event: 23.155 Loading class sun/reflect/ReflectionFactory$1
Event: 23.155 Loading class sun/reflect/ReflectionFactory$1 done
Event: 23.449 Loading class java/util/stream/SortedOps
Event: 23.449 Loading class java/util/stream/SortedOps done
Event: 23.449 Loading class java/util/stream/SortedOps$OfRef
Event: 23.449 Loading class java/util/stream/SortedOps$OfRef done
Event: 23.451 Loading class java/util/stream/SortedOps$SizedRefSortingSink
Event: 23.452 Loading class java/util/stream/SortedOps$AbstractRefSortingSink
Event: 23.452 Loading class java/util/stream/SortedOps$AbstractRefSortingSink done
Event: 23.452 Loading class java/util/stream/SortedOps$SizedRefSortingSink done
Event: 23.674 Loading class java/util/concurrent/atomic/AtomicIntegerArray
Event: 23.677 Loading class java/util/concurrent/atomic/AtomicIntegerArray done
Event: 23.677 Loading class java/util/concurrent/atomic/AtomicLongArray
Event: 23.678 Loading class java/util/concurrent/atomic/AtomicLongArray done

Classes unloaded (0 events):
No events

Classes redefined (0 events):
No events

Internal exceptions (20 events):
Event: 21.498 Thread 0x000001f8fefa3f80 Exception <a 'java/lang/NoSuchMethodError'{0x0000000083acd2e0}: 'java.lang.Object java.lang.invoke.Invokers$Holder.linkToTargetMethod(java.lang.Object, java.lang.Object, java.lang.Object, java.lang.Object, long, java.lang.Object, java.lang.Object)'> (0x0000000083acd2e0) 
thrown [s\src\hotspot\share\interpreter\linkResolver.cpp, line 759]
Event: 21.504 Thread 0x000001f8fefa3f80 Exception <a 'java/lang/NoSuchMethodError'{0x0000000083914118}: 'java.lang.Object java.lang.invoke.DirectMethodHandle$Holder.newInvokeSpecial(java.lang.Object, java.lang.Object, java.lang.Object, long, java.lang.Object)'> (0x0000000083914118) 
thrown [s\src\hotspot\share\interpreter\linkResolver.cpp, line 759]
Event: 21.505 Thread 0x000001f8fefa3f80 Exception <a 'java/lang/NoSuchMethodError'{0x0000000083919a40}: 'java.lang.Object java.lang.invoke.DirectMethodHandle$Holder.invokeSpecial(java.lang.Object, java.lang.Object, java.lang.Object, java.lang.Object, long, java.lang.Object)'> (0x0000000083919a40) 
thrown [s\src\hotspot\share\interpreter\linkResolver.cpp, line 759]
Event: 21.505 Thread 0x000001f8fefa3f80 Exception <a 'java/lang/NoSuchMethodError'{0x000000008391ea20}: 'java.lang.Object java.lang.invoke.Invokers$Holder.linkToTargetMethod(java.lang.Object, java.lang.Object, long, java.lang.Object, java.lang.Object)'> (0x000000008391ea20) 
thrown [s\src\hotspot\share\interpreter\linkResolver.cpp, line 759]
Event: 21.668 Thread 0x000001f8fefa3f80 Implicit null exception at 0x000001f887d44cec to 0x000001f887d44d9c
Event: 21.789 Thread 0x000001f8fefa3f80 Exception <a 'java/lang/NoSuchMethodError'{0x0000000086162790}: 'java.lang.Object java.lang.invoke.DirectMethodHandle$Holder.newInvokeSpecial(java.lang.Object, java.lang.Object, java.lang.Object, int, java.lang.Object)'> (0x0000000086162790) 
thrown [s\src\hotspot\share\interpreter\linkResolver.cpp, line 759]
Event: 21.789 Thread 0x000001f8fefa3f80 Exception <a 'java/lang/NoSuchMethodError'{0x0000000086167700}: 'java.lang.Object java.lang.invoke.Invokers$Holder.linkToTargetMethod(java.lang.Object, java.lang.Object, int, java.lang.Object, java.lang.Object)'> (0x0000000086167700) 
thrown [s\src\hotspot\share\interpreter\linkResolver.cpp, line 759]
Event: 21.900 Thread 0x000001f8fefa3f80 Exception <a 'java/lang/NoSuchMethodError'{0x0000000085e811e8}: 'java.lang.Object java.lang.invoke.DirectMethodHandle$Holder.newInvokeSpecial(java.lang.Object, int, java.lang.Object)'> (0x0000000085e811e8) 
thrown [s\src\hotspot\share\interpreter\linkResolver.cpp, line 759]
Event: 22.620 Thread 0x000001f8fefa3f80 Exception <a 'java/lang/NoSuchMethodError'{0x0000000083fee988}: 'int java.lang.invoke.DirectMethodHandle$Holder.invokeSpecialIFC(java.lang.Object, java.lang.Object, java.lang.Object)'> (0x0000000083fee988) 
thrown [s\src\hotspot\share\interpreter\linkResolver.cpp, line 759]
Event: 22.798 Thread 0x000001f8fefa3f80 Exception <a 'java/lang/NoSuchMethodError'{0x000000008391bce8}: 'java.lang.Object java.lang.invoke.DirectMethodHandle$Holder.newInvokeSpecial(java.lang.Object, java.lang.Object, long, java.lang.Object)'> (0x000000008391bce8) 
thrown [s\src\hotspot\share\interpreter\linkResolver.cpp, line 759]
Event: 22.798 Thread 0x000001f8fefa3f80 Exception <a 'java/lang/NoSuchMethodError'{0x0000000083921510}: 'java.lang.Object java.lang.invoke.DirectMethodHandle$Holder.invokeSpecial(java.lang.Object, java.lang.Object, java.lang.Object, long, java.lang.Object)'> (0x0000000083921510) 
thrown [s\src\hotspot\share\interpreter\linkResolver.cpp, line 759]
Event: 22.798 Thread 0x000001f8fefa3f80 Exception <a 'java/lang/NoSuchMethodError'{0x0000000083926690}: 'java.lang.Object java.lang.invoke.Invokers$Holder.linkToTargetMethod(java.lang.Object, long, java.lang.Object, java.lang.Object)'> (0x0000000083926690) 
thrown [s\src\hotspot\share\interpreter\linkResolver.cpp, line 759]
Event: 22.803 Thread 0x000001f8fefa3f80 Exception <a 'java/lang/NoSuchMethodError'{0x00000000839553c8}: 'void java.lang.invoke.DirectMethodHandle$Holder.invokeStatic(java.lang.Object, java.lang.Object, java.lang.Object, int, java.lang.Object)'> (0x00000000839553c8) 
thrown [s\src\hotspot\share\interpreter\linkResolver.cpp, line 759]
Event: 22.865 Thread 0x000001f8fefa3f80 Exception <a 'java/lang/NoSuchMethodError'{0x0000000083748cc8}: 'int java.lang.invoke.DirectMethodHandle$Holder.invokeInterface(java.lang.Object, java.lang.Object, java.lang.Object, java.lang.Object, java.lang.Object)'> (0x0000000083748cc8) 
thrown [s\src\hotspot\share\interpreter\linkResolver.cpp, line 759]
Event: 22.966 Thread 0x000001f8fefa3f80 Exception <a 'java/lang/NoSuchMethodError'{0x000000008344c530}: 'java.lang.Object java.lang.invoke.DirectMethodHandle$Holder.invokeSpecial(java.lang.Object, java.lang.Object, long, java.lang.Object, java.lang.Object)'> (0x000000008344c530) 
thrown [s\src\hotspot\share\interpreter\linkResolver.cpp, line 759]
Event: 23.164 Thread 0x000001f8fefa3f80 Exception <a 'java/lang/NoSuchMethodError'{0x00000000860fa360}: 'java.lang.Object java.lang.invoke.DirectMethodHandle$Holder.newInvokeSpecial(java.lang.Object, java.lang.Object, java.lang.Object, java.lang.Object, int, java.lang.Object)'> (0x00000000860fa360) 
thrown [s\src\hotspot\share\interpreter\linkResolver.cpp, line 759]
Event: 23.164 Thread 0x000001f8fefa3f80 Exception <a 'java/lang/NoSuchMethodError'{0x0000000085f01820}: 'java.lang.Object java.lang.invoke.DirectMethodHandle$Holder.invokeSpecial(java.lang.Object, java.lang.Object, java.lang.Object, java.lang.Object, java.lang.Object, int, java.lang.Object)'> (0x0000000085f01820) 
thrown [s\src\hotspot\share\interpreter\linkResolver.cpp, line 759]
Event: 23.165 Thread 0x000001f8fefa3f80 Exception <a 'java/lang/NoSuchMethodError'{0x0000000085f068e8}: 'java.lang.Object java.lang.invoke.Invokers$Holder.linkToTargetMethod(java.lang.Object, java.lang.Object, java.lang.Object, int, java.lang.Object, java.lang.Object)'> (0x0000000085f068e8) 
thrown [s\src\hotspot\share\interpreter\linkResolver.cpp, line 759]
Event: 23.333 Thread 0x000001f8fefa3f80 Exception <a 'java/lang/NoSuchMethodError'{0x0000000085b70de0}: 'java.lang.Object java.lang.invoke.DirectMethodHandle$Holder.invokeSpecialIFC(java.lang.Object, java.lang.Object, java.lang.Object)'> (0x0000000085b70de0) 
thrown [s\src\hotspot\share\interpreter\linkResolver.cpp, line 759]
Event: 23.568 Thread 0x000001f8fefa3f80 Exception <a 'java/lang/NoSuchMethodError'{0x0000000084270b68}: 'long java.lang.invoke.DirectMethodHandle$Holder.invokeStatic(java.lang.Object, java.lang.Object)'> (0x0000000084270b68) 
thrown [s\src\hotspot\share\interpreter\linkResolver.cpp, line 759]

VM Operations (20 events):
Event: 21.454 Executing VM operation: HandshakeAllThreads
Event: 21.454 Executing VM operation: HandshakeAllThreads done
Event: 21.470 Executing VM operation: HandshakeAllThreads
Event: 21.471 Executing VM operation: HandshakeAllThreads done
Event: 21.509 Executing VM operation: HandshakeAllThreads
Event: 21.514 Executing VM operation: HandshakeAllThreads done
Event: 21.735 Executing VM operation: G1CollectForAllocation
Event: 21.740 Executing VM operation: G1CollectForAllocation done
Event: 22.668 Executing VM operation: HandshakeAllThreads
Event: 22.668 Executing VM operation: HandshakeAllThreads done
Event: 22.945 Executing VM operation: HandshakeAllThreads
Event: 22.945 Executing VM operation: HandshakeAllThreads done
Event: 22.945 Executing VM operation: Cleanup
Event: 22.945 Executing VM operation: Cleanup done
Event: 23.048 Executing VM operation: G1CollectForAllocation
Event: 23.055 Executing VM operation: G1CollectForAllocation done
Event: 23.157 Executing VM operation: HandshakeAllThreads
Event: 23.157 Executing VM operation: HandshakeAllThreads done
Event: 23.898 Executing VM operation: G1CollectForAllocation
Event: 23.905 Executing VM operation: G1CollectForAllocation done

Memory protections (0 events):
No events

Nmethod flushes (20 events):
Event: 21.521 Thread 0x000001f8fe92ffe0 flushing  nmethod 0x000001f8807b4a90
Event: 21.521 Thread 0x000001f8fe92ffe0 flushing  nmethod 0x000001f8807b4f90
Event: 21.521 Thread 0x000001f8fe92ffe0 flushing  nmethod 0x000001f8807bf090
Event: 21.521 Thread 0x000001f8fe92ffe0 flushing  nmethod 0x000001f8807c3610
Event: 21.521 Thread 0x000001f8fe92ffe0 flushing  nmethod 0x000001f8807c5410
Event: 21.521 Thread 0x000001f8fe92ffe0 flushing  nmethod 0x000001f8807d8310
Event: 21.521 Thread 0x000001f8fe92ffe0 flushing  nmethod 0x000001f8807e1c10
Event: 21.521 Thread 0x000001f8fe92ffe0 flushing  nmethod 0x000001f8807e3d90
Event: 21.521 Thread 0x000001f8fe92ffe0 flushing  nmethod 0x000001f8807e7a10
Event: 21.521 Thread 0x000001f8fe92ffe0 flushing  nmethod 0x000001f8807e8610
Event: 21.521 Thread 0x000001f8fe92ffe0 flushing  nmethod 0x000001f8807e9690
Event: 21.521 Thread 0x000001f8fe92ffe0 flushing  nmethod 0x000001f8807ea710
Event: 21.521 Thread 0x000001f8fe92ffe0 flushing  nmethod 0x000001f8807ec590
Event: 21.521 Thread 0x000001f8fe92ffe0 flushing  nmethod 0x000001f880814010
Event: 21.522 Thread 0x000001f8fe92ffe0 flushing  nmethod 0x000001f88083fe90
Event: 21.522 Thread 0x000001f8fe92ffe0 flushing  nmethod 0x000001f880840310
Event: 21.522 Thread 0x000001f8fe92ffe0 flushing  nmethod 0x000001f880853510
Event: 21.522 Thread 0x000001f8fe92ffe0 flushing  nmethod 0x000001f8808f8610
Event: 21.523 Thread 0x000001f8fe92ffe0 flushing  nmethod 0x000001f880993910
Event: 21.523 Thread 0x000001f8fe92ffe0 flushing  nmethod 0x000001f88099a810

Events (20 events):
Event: 10.677 Thread 0x000001f8fefa3f80 Thread added: 0x000001f8fefa3050
Event: 10.994 Thread 0x000001f8fefa3f80 Thread added: 0x000001f8fefa3a70
Event: 10.995 Thread 0x000001f8fefa3f80 Thread added: 0x000001f8b4524650
Event: 10.996 Thread 0x000001f8fefa3f80 Thread added: 0x000001f8b4525580
Event: 12.128 Thread 0x000001f8b55cc050 Thread exited: 0x000001f8b55cc050
Event: 13.645 Thread 0x000001f8fefa3f80 Thread added: 0x000001f8b45278f0
Event: 13.803 Thread 0x000001f8fefa3f80 Thread added: 0x000001f8b4524b60
Event: 13.835 Thread 0x000001f8fe7a1610 Thread added: 0x000001f8b58f7340
Event: 15.478 Thread 0x000001f8fefa3f80 Thread added: 0x000001f8b4525a90
Event: 15.604 Thread 0x000001f8fefa3f80 Thread added: 0x000001f8b4523210
Event: 15.991 Thread 0x000001f8fefa3f80 Thread added: 0x000001f8b452a170
Event: 20.387 Thread 0x000001f8fefa3f80 Thread added: 0x000001f8b45264b0
Event: 22.841 Thread 0x000001f8b58f7340 Thread exited: 0x000001f8b58f7340
Event: 23.098 Thread 0x000001f8fefa3f80 Thread added: 0x000001f8b45273e0
Event: 23.098 Thread 0x000001f8fefa3f80 Thread added: 0x000001f8b4523720
Event: 23.224 Thread 0x000001f8fefa3f80 Thread added: 0x000001f8b452ab90
Event: 23.232 Thread 0x000001f8fefa3f80 Thread added: 0x000001f8b4527e00
Event: 23.334 Thread 0x000001f8fefa3f80 Thread added: 0x000001f8b4526ed0
Event: 23.335 Thread 0x000001f8fefa3f80 Thread added: 0x000001f8b4528310
Event: 23.402 Thread 0x000001f8fe7a1610 Thread added: 0x000001f8b85627c0


Dynamic libraries:
0x00007ff61a2d0000 - 0x00007ff61a2de000 	C:\Program Files\Microsoft\jdk-17.0.17.10-hotspot\bin\java.exe
0x00007ffaf7030000 - 0x00007ffaf7228000 	C:\Windows\SYSTEM32\ntdll.dll
0x00007ffaf5910000 - 0x00007ffaf59d2000 	C:\Windows\System32\KERNEL32.DLL
0x00007ffaf4c30000 - 0x00007ffaf4f26000 	C:\Windows\System32\KERNELBASE.dll
0x00007ffaf4b30000 - 0x00007ffaf4c30000 	C:\Windows\System32\ucrtbase.dll
0x00007ffaf09e0000 - 0x00007ffaf09f8000 	C:\Program Files\Microsoft\jdk-17.0.17.10-hotspot\bin\jli.dll
0x00007ffaf0a30000 - 0x00007ffaf0a4e000 	C:\Program Files\Microsoft\jdk-17.0.17.10-hotspot\bin\VCRUNTIME140.dll
0x00007ffaf5590000 - 0x00007ffaf5731000 	C:\Windows\System32\USER32.dll
0x00007ffae6650000 - 0x00007ffae68eb000 	C:\Windows\WinSxS\amd64_microsoft.windows.common-controls_6595b64144ccf1df_6.0.19041.6456_none_60b8a6cb71f64256\COMCTL32.dll
0x00007ffaf4900000 - 0x00007ffaf4922000 	C:\Windows\System32\win32u.dll
0x00007ffaf5840000 - 0x00007ffaf58de000 	C:\Windows\System32\msvcrt.dll
0x00007ffaf58e0000 - 0x00007ffaf590b000 	C:\Windows\System32\GDI32.dll
0x00007ffaf4f30000 - 0x00007ffaf5049000 	C:\Windows\System32\gdi32full.dll
0x00007ffaf4a90000 - 0x00007ffaf4b2d000 	C:\Windows\System32\msvcp_win.dll
0x00007ffaf6210000 - 0x00007ffaf623f000 	C:\Windows\System32\IMM32.DLL
0x00007ffaf0a60000 - 0x00007ffaf0a6c000 	C:\Program Files\Microsoft\jdk-17.0.17.10-hotspot\bin\vcruntime140_1.dll
0x00007ffaab7a0000 - 0x00007ffaab829000 	C:\Program Files\Microsoft\jdk-17.0.17.10-hotspot\bin\msvcp140.dll
0x00007ffa81940000 - 0x00007ffa825ba000 	C:\Program Files\Microsoft\jdk-17.0.17.10-hotspot\bin\server\jvm.dll
0x00007ffaf6b80000 - 0x00007ffaf6c31000 	C:\Windows\System32\ADVAPI32.dll
0x00007ffaf5180000 - 0x00007ffaf521f000 	C:\Windows\System32\sechost.dll
0x00007ffaf6e70000 - 0x00007ffaf6f90000 	C:\Windows\System32\RPCRT4.dll
0x00007ffaf48d0000 - 0x00007ffaf48f7000 	C:\Windows\System32\bcrypt.dll
0x00007ffaf5b20000 - 0x00007ffaf5b8b000 	C:\Windows\System32\WS2_32.dll
0x00007ffae6d90000 - 0x00007ffae6d9a000 	C:\Windows\SYSTEM32\VERSION.dll
0x00007ffaf3c00000 - 0x00007ffaf3c4b000 	C:\Windows\SYSTEM32\POWRPROF.dll
0x00007ffae68f0000 - 0x00007ffae6917000 	C:\Windows\SYSTEM32\WINMM.dll
0x00007ffaf3ac0000 - 0x00007ffaf3ad2000 	C:\Windows\SYSTEM32\UMPDC.dll
0x00007ffaf2530000 - 0x00007ffaf2542000 	C:\Windows\SYSTEM32\kernel.appcore.dll
0x00007ffaefe30000 - 0x00007ffaefe3a000 	C:\Program Files\Microsoft\jdk-17.0.17.10-hotspot\bin\jimage.dll
0x00007ffae6920000 - 0x00007ffae6b21000 	C:\Windows\SYSTEM32\DBGHELP.DLL
0x00007ffae0890000 - 0x00007ffae08c4000 	C:\Windows\SYSTEM32\dbgcore.DLL
0x00007ffaf4840000 - 0x00007ffaf48c2000 	C:\Windows\System32\bcryptPrimitives.dll
0x00007ffadfbe0000 - 0x00007ffadfbef000 	C:\Program Files\Microsoft\jdk-17.0.17.10-hotspot\bin\instrument.dll
0x00007ffad86b0000 - 0x00007ffad86d6000 	C:\Program Files\Microsoft\jdk-17.0.17.10-hotspot\bin\java.dll
0x00007ffaa8980000 - 0x00007ffaa8a56000 	C:\Program Files\Microsoft\jdk-17.0.17.10-hotspot\bin\jsvml.dll
0x00007ffaf6410000 - 0x00007ffaf6b80000 	C:\Windows\System32\SHELL32.dll
0x00007ffaf2730000 - 0x00007ffaf2ed5000 	C:\Windows\SYSTEM32\windows.storage.dll
0x00007ffaf5220000 - 0x00007ffaf5574000 	C:\Windows\System32\combase.dll
0x00007ffaf40f0000 - 0x00007ffaf411b000 	C:\Windows\SYSTEM32\Wldp.dll
0x00007ffaf5a50000 - 0x00007ffaf5b1d000 	C:\Windows\System32\OLEAUT32.dll
0x00007ffaf6240000 - 0x00007ffaf62ed000 	C:\Windows\System32\SHCORE.dll
0x00007ffaf6c40000 - 0x00007ffaf6c9b000 	C:\Windows\System32\shlwapi.dll
0x00007ffaf45f0000 - 0x00007ffaf4614000 	C:\Windows\SYSTEM32\profapi.dll
0x00007ffadd550000 - 0x00007ffadd568000 	C:\Program Files\Microsoft\jdk-17.0.17.10-hotspot\bin\zip.dll
0x00007ffaef530000 - 0x00007ffaef54b000 	C:\Program Files\Microsoft\jdk-17.0.17.10-hotspot\bin\net.dll
0x00007ffaee310000 - 0x00007ffaee41a000 	C:\Windows\SYSTEM32\WINHTTP.dll
0x00007ffaf3e50000 - 0x00007ffaf3eba000 	C:\Windows\system32\mswsock.dll
0x00007ffae1880000 - 0x00007ffae1896000 	C:\Program Files\Microsoft\jdk-17.0.17.10-hotspot\bin\nio.dll
0x00007ffae17c0000 - 0x00007ffae17d0000 	C:\Program Files\Microsoft\jdk-17.0.17.10-hotspot\bin\verify.dll
0x00007ffad8680000 - 0x00007ffad86a7000 	C:\Users\saihe\.gradle\native\1def1411415f61bf3af743bc5b6707747c0891f09f0c88961ee8f79bc544acac\windows-amd64\native-platform.dll
0x00007ffaab9d0000 - 0x00007ffaaba47000 	C:\Users\saihe\.gradle\native\0.2.8\x86_64-windows-gnu\gradle-fileevents.dll
0x00007ffaef5c0000 - 0x00007ffaef5ca000 	C:\Program Files\Microsoft\jdk-17.0.17.10-hotspot\bin\management.dll
0x00007ffaeed60000 - 0x00007ffaeed6c000 	C:\Program Files\Microsoft\jdk-17.0.17.10-hotspot\bin\management_ext.dll
0x00007ffaf5830000 - 0x00007ffaf5838000 	C:\Windows\System32\PSAPI.DLL
0x00007ffaf3ae0000 - 0x00007ffaf3b1b000 	C:\Windows\SYSTEM32\IPHLPAPI.DLL
0x00007ffaf5580000 - 0x00007ffaf5588000 	C:\Windows\System32\NSI.dll
0x00007ffaebfe0000 - 0x00007ffaebff7000 	C:\Windows\SYSTEM32\dhcpcsvc6.DLL
0x00007ffaec6b0000 - 0x00007ffaec6cd000 	C:\Windows\SYSTEM32\dhcpcsvc.DLL
0x00007ffaf3b30000 - 0x00007ffaf3bfa000 	C:\Windows\SYSTEM32\DNSAPI.dll
0x00007ffaec530000 - 0x00007ffaec539000 	C:\Program Files\Microsoft\jdk-17.0.17.10-hotspot\bin\extnet.dll
0x00007ffaf4040000 - 0x00007ffaf4058000 	C:\Windows\SYSTEM32\CRYPTSP.dll
0x00007ffaf3700000 - 0x00007ffaf3738000 	C:\Windows\system32\rsaenh.dll
0x00007ffaf45b0000 - 0x00007ffaf45de000 	C:\Windows\SYSTEM32\USERENV.dll
0x00007ffaf4060000 - 0x00007ffaf406c000 	C:\Windows\SYSTEM32\CRYPTBASE.dll
0x00007ffade960000 - 0x00007ffade96e000 	C:\Program Files\Microsoft\jdk-17.0.17.10-hotspot\bin\sunmscapi.dll
0x00007ffaf4930000 - 0x00007ffaf4a8d000 	C:\Windows\System32\CRYPT32.dll
0x00007ffaf4160000 - 0x00007ffaf4187000 	C:\Windows\SYSTEM32\ncrypt.dll
0x00007ffaf4120000 - 0x00007ffaf415b000 	C:\Windows\SYSTEM32\NTASN1.dll
0x00007ffaefe20000 - 0x00007ffaefe27000 	C:\Windows\system32\wshunix.dll

dbghelp: loaded successfully - version: 4.0.5 - missing functions: none
symbol engine: initialized successfully - sym options: 0x614 - pdb path: .;C:\Program Files\Microsoft\jdk-17.0.17.10-hotspot\bin;C:\Windows\SYSTEM32;C:\Windows\WinSxS\amd64_microsoft.windows.common-controls_6595b64144ccf1df_6.0.19041.6456_none_60b8a6cb71f64256;C:\Program Files\Microsoft\jdk-17.0.17.10-hotspot\bin\server;C:\Users\saihe\.gradle\native\1def1411415f61bf3af743bc5b6707747c0891f09f0c88961ee8f79bc544acac\windows-amd64;C:\Users\saihe\.gradle\native\0.2.8\x86_64-windows-gnu

VM Arguments:
jvm_args: --add-opens=java.base/java.lang=ALL-UNNAMED --add-opens=java.base/java.lang.invoke=ALL-UNNAMED --add-opens=java.base/java.util=ALL-UNNAMED --add-opens=java.prefs/java.util.prefs=ALL-UNNAMED --add-exports=jdk.compiler/com.sun.tools.javac.api=ALL-UNNAMED --add-exports=jdk.compiler/com.sun.tools.javac.util=ALL-UNNAMED --add-opens=java.base/java.util=ALL-UNNAMED --add-opens=java.prefs/java.util.prefs=ALL-UNNAMED --add-opens=java.base/java.nio.charset=ALL-UNNAMED --add-opens=java.base/java.net=ALL-UNNAMED --add-opens=java.base/java.util.concurrent=ALL-UNNAMED --add-opens=java.base/java.util.concurrent.atomic=ALL-UNNAMED --add-opens=java.xml/javax.xml.namespace=ALL-UNNAMED -XX:MaxMetaspaceSize=512m -Xmx2048m -Dfile.encoding=UTF-8 -Duser.country=US -Duser.language=en -Duser.variant -javaagent:C:\Users\saihe\.gradle\wrapper\dists\gradle-9.0.0-bin\d6wjpkvcgsg3oed0qlfss3wgl\gradle-9.0.0\lib\agents\gradle-instrumentation-agent-9.0.0.jar 
java_command: org.gradle.launcher.daemon.bootstrap.GradleDaemon 9.0.0
java_class_path (initial): C:\Users\saihe\.gradle\wrapper\dists\gradle-9.0.0-bin\d6wjpkvcgsg3oed0qlfss3wgl\gradle-9.0.0\lib\gradle-daemon-main-9.0.0.jar
Launcher Type: SUN_STANDARD

[Global flags]
     intx CICompilerCount                          = 3                                         {product} {ergonomic}
   size_t CompressedClassSpaceSize                 = 436207616                                 {product} {ergonomic}
     uint ConcGCThreads                            = 1                                         {product} {ergonomic}
     uint G1ConcRefinementThreads                  = 4                                         {product} {ergonomic}
   size_t G1HeapRegionSize                         = 1048576                                   {product} {ergonomic}
    uintx GCDrainStackTargetSize                   = 64                                        {product} {ergonomic}
   size_t InitialHeapSize                          = 134217728                                 {product} {ergonomic}
   size_t MarkStackSize                            = 4194304                                   {product} {ergonomic}
   size_t MaxHeapSize                              = 2147483648                                {product} {command line}
   size_t MaxMetaspaceSize                         = 536870912                                 {product} {command line}
   size_t MaxNewSize                               = 1287651328                                {product} {ergonomic}
   size_t MinHeapDeltaBytes                        = 1048576                                   {product} {ergonomic}
   size_t MinHeapSize                              = 8388608                                   {product} {ergonomic}
    uintx NonNMethodCodeHeapSize                   = 5832780                                {pd product} {ergonomic}
    uintx NonProfiledCodeHeapSize                  = 122912730                              {pd product} {ergonomic}
    uintx ProfiledCodeHeapSize                     = 122912730                              {pd product} {ergonomic}
    uintx ReservedCodeCacheSize                    = 251658240                              {pd product} {ergonomic}
     bool SegmentedCodeCache                       = true                                      {product} {ergonomic}
   size_t SoftMaxHeapSize                          = 2147483648                             {manageable} {ergonomic}
     bool UseCompressedClassPointers               = true                           {product lp64_product} {ergonomic}
     bool UseCompressedOops                        = true                           {product lp64_product} {ergonomic}
     bool UseG1GC                                  = true                                      {product} {ergonomic}
     bool UseLargePagesIndividualAllocation        = false                                  {pd product} {ergonomic}

Logging:
Log output configuration:
 #0: stdout all=warning uptime,level,tags
 #1: stderr all=off uptime,level,tags

Environment Variables:
JAVA_HOME=C:\Program Files\Microsoft\jdk-17.0.17.10-hotspot\
PATH=C:\Program Files\Microsoft\jdk-17.0.17.10-hotspot\bin;C:\Windows\system32;C:\Windows;C:\Windows\System32\Wbem;C:\Windows\System32\WindowsPowerShell\v1.0\;C:\Windows\System32\OpenSSH\;C:\Program Files\nodejs\;C:\ProgramData\chocolatey\bin;C:\Program Files\Git\cmd;C:\Users\saihe\AppData\Local\Programs\Python\Python311\Scripts\;C:\Users\saihe\AppData\Local\Programs\Python\Python311\;C:\Users\saihe\AppData\Local\Microsoft\WindowsApps;C:\Users\saihe\AppData\Roaming\npm;C:\Users\saihe\AppData\Local\GitHubDesktop\bin;C:\Users\saihe\AppData\Local\Programs\Microsoft VS Code\bin;C:\Users\saihe\AppData\Local\Programs\Antigravity IDE\bin
USERNAME=saihe
OS=Windows_NT
PROCESSOR_IDENTIFIER=Intel64 Family 6 Model 69 Stepping 1, GenuineIntel
TMP=C:\Users\saihe\AppData\Local\Temp
TEMP=C:\Users\saihe\AppData\Local\Temp



Periodic native trim disabled


---------------  S Y S T E M  ---------------

OS:
 Windows 10 , 64 bit Build 19041 (10.0.19041.5915)
OS uptime: 0 days 9:52 hours

CPU: total 4 (initial active 4) (2 cores per cpu, 2 threads per core) family 6 model 69 stepping 1 microcode 0x25, cx8, cmov, fxsr, ht, mmx, sse, sse2, sse3, ssse3, sse4.1, sse4.2, popcnt, lzcnt, tsc, tscinvbit, avx, avx2, aes, erms, clmul, bmi1, bmi2, fma, vzeroupper, clflush
Processor Information for the first 4 processors :
  Max Mhz: 2601, Current Mhz: 2601, Mhz Limit: 2601

Memory: 4k page, system-wide physical 8097M (457M free)
TotalPageFile size 20897M (AvailPageFile size 5M)
current process WorkingSet (physical memory assigned to process): 262M, peak: 262M
current process commit charge ("private bytes"): 298M, peak: 299M

vm_info: OpenJDK 64-Bit Server VM (17.0.17+10-LTS) for windows-amd64 JRE (17.0.17+10-LTS), built on Oct 13 2025 22:19:56 by "MicrosoftCorporation" with unknown MS VC++:1944

END.
